<?xml version="1.0" encoding="utf-8"?>
<testsuites>
	<testsuite name="Auth Middleware" time="0.006096" disabled="0" errors="0" tests="3" failures="0" skipped="0" hostname="DESKTOP-OPQM558">
		<testcase name="Returns 401 when x-id-token is missing" time="0.002155" classname="test" file="C:\Users\Ton\Documents\ll\starter\src\middleware\auth.test.ts"/>
		<testcase name="Populates req.user when valid token is provided" time="0.001933" classname="test" file="C:\Users\Ton\Documents\ll\starter\src\middleware\auth.test.ts"/>
		<testcase name="Returns 401 when token is invalid" time="0.000388" classname="test" file="C:\Users\Ton\Documents\ll\starter\src\middleware\auth.test.ts"/>
	</testsuite>
	<testsuite name="AppSession Plugin Options Layout" time="0.006676" disabled="0" errors="0" tests="10" failures="0" skipped="0" hostname="DESKTOP-OPQM558">
		<testcase name="applies sensible fallback defaults for memory setup" time="0.001289" classname="test" file="C:\Users\Ton\Documents\ll\starter\src\plugins\session-store.test.ts"/>
		<testcase name="prioritizes explicit options setup correctly" time="0.000492" classname="test" file="C:\Users\Ton\Documents\ll\starter\src\plugins\session-store.test.ts"/>
		<testcase name="removes maxAge natively when SESSION_DISABLE_EXPIRY is true" time="0.000362" classname="test" file="C:\Users\Ton\Documents\ll\starter\src\plugins\session-store.test.ts"/>
		<testcase name="uses explicitly passed custom store without registering redis" time="0.000234" classname="test" file="C:\Users\Ton\Documents\ll\starter\src\plugins\session-store.test.ts"/>
		<testcase name="registers redis correctly with full configuration" time="0.001304" classname="test" file="C:\Users\Ton\Documents\ll\starter\src\plugins\session-store.test.ts"/>
		<testcase name="store.get parses data on hit and returns null on miss" time="0.000356" classname="test" file="C:\Users\Ton\Documents\ll\starter\src\plugins\session-store.test.ts"/>
		<testcase name="store.set sets TTL explicitly with originalMaxAge" time="0.000388" classname="test" file="C:\Users\Ton\Documents\ll\starter\src\plugins\session-store.test.ts"/>
		<testcase name="store.set omits EX parameter if SESSION_DISABLE_EXPIRY is true" time="0.000207" classname="test" file="C:\Users\Ton\Documents\ll\starter\src\plugins\session-store.test.ts"/>
		<testcase name="store.set omits EX parameter if cookie info is missing completely" time="0.000211" classname="test" file="C:\Users\Ton\Documents\ll\starter\src\plugins\session-store.test.ts"/>
		<testcase name="store.destroy wipes the key correctly" time="0.000210" classname="test" file="C:\Users\Ton\Documents\ll\starter\src\plugins\session-store.test.ts"/>
	</testsuite>
	<testsuite name="CitizenService" time="0.003947" disabled="0" errors="0" tests="2" failures="0" skipped="0" hostname="DESKTOP-OPQM558">
		<testcase name="returns parsed JSON on successful search fetch" time="0.001865" classname="test" file="C:\Users\Ton\Documents\ll\starter\src\services\citizen.test.ts"/>
		<testcase name="throws error on non-ok response" time="0.000698" classname="test" file="C:\Users\Ton\Documents\ll\starter\src\services\citizen.test.ts"/>
	</testsuite>
	<!-- tests 15 -->
	<!-- suites 3 -->
	<!-- pass 15 -->
	<!-- fail 0 -->
	<!-- cancelled 0 -->
	<!-- skipped 0 -->
	<!-- todo 0 -->
	<!-- duration_ms 491.8349 -->
</testsuites>
